tickletackletockle_wearable/app/build/intermediates/manifest_merge_blame_file/debug/manifest-merger-blame-debug-report.txt
1<?xml version="1.0" encoding="utf-8"?>
2<manifest xmlns:android="http://schemas.android.com/apk/res/android"
3    package="com.a804.tickle_tackle_tockle"
4    android:versionCode="2"
5    android:versionName="1.0.1" >
6
7    <uses-sdk
8        android:minSdkVersion="30"
8-->src\main\AndroidManifest.xml
9        android:targetSdkVersion="33" />
9-->src\main\AndroidManifest.xml
10
11    <uses-feature android:name="android.hardware.type.watch" />
11-->src\main\AndroidManifest.xml:4:5-64
11-->src\main\AndroidManifest.xml:4:19-61
12
13    <uses-permission android:name="android.permission.INTERNET" />
13-->[com.google.firebase:firebase-auth:21.2.0] AndroidManifest.xml:25:5-67
13-->[com.google.firebase:firebase-auth:21.2.0] AndroidManifest.xml:25:22-64
14    <uses-permission android:name="android.permission.ACCESS_NETWORK_STATE" />
14-->[com.google.firebase:firebase-auth:21.2.0] AndroidManifest.xml:26:5-79
14-->[com.google.firebase:firebase-auth:21.2.0] AndroidManifest.xml:26:22-76
15    <uses-permission android:name="android.permission.CAMERA" /> <!-- Don't require camera, as this requires a rear camera. This allows it to work on the Nexus 7 -->
15-->[com.journeyapps:zxing-android-embedded:4.1.0] AndroidManifest.xml:22:5-65
15-->[com.journeyapps:zxing-android-embedded:4.1.0] AndroidManifest.xml:22:22-62
16    <uses-feature
16-->[com.journeyapps:zxing-android-embedded:4.1.0] AndroidManifest.xml:25:5-27:36
17        android:name="android.hardware.camera"
17-->[com.journeyapps:zxing-android-embedded:4.1.0] AndroidManifest.xml:26:9-47
18        android:required="false" />
18-->[com.journeyapps:zxing-android-embedded:4.1.0] AndroidManifest.xml:27:9-33
19    <uses-feature
19-->[com.journeyapps:zxing-android-embedded:4.1.0] AndroidManifest.xml:28:5-30:36
20        android:name="android.hardware.camera.front"
20-->[com.journeyapps:zxing-android-embedded:4.1.0] AndroidManifest.xml:29:9-53
21        android:required="false" /> <!-- TODO replace above two with next line after Android 4.2 -->
21-->[com.journeyapps:zxing-android-embedded:4.1.0] AndroidManifest.xml:30:9-33
22    <!-- <uses-feature android:name="android.hardware.camera.any"/> -->
23    <uses-feature
23-->[com.journeyapps:zxing-android-embedded:4.1.0] AndroidManifest.xml:33:5-35:36
24        android:name="android.hardware.camera.autofocus"
24-->[com.journeyapps:zxing-android-embedded:4.1.0] AndroidManifest.xml:34:9-57
25        android:required="false" />
25-->[com.journeyapps:zxing-android-embedded:4.1.0] AndroidManifest.xml:35:9-33
26    <uses-feature
26-->[com.journeyapps:zxing-android-embedded:4.1.0] AndroidManifest.xml:36:5-38:36
27        android:name="android.hardware.camera.flash"
27-->[com.journeyapps:zxing-android-embedded:4.1.0] AndroidManifest.xml:37:9-53
28        android:required="false" />
28-->[com.journeyapps:zxing-android-embedded:4.1.0] AndroidManifest.xml:38:9-33
29    <uses-feature
29-->[com.journeyapps:zxing-android-embedded:4.1.0] AndroidManifest.xml:39:5-41:36
30        android:name="android.hardware.screen.landscape"
30-->[com.journeyapps:zxing-android-embedded:4.1.0] AndroidManifest.xml:40:9-57
31        android:required="false" />
31-->[com.journeyapps:zxing-android-embedded:4.1.0] AndroidManifest.xml:41:9-33
32    <uses-feature
32-->[com.journeyapps:zxing-android-embedded:4.1.0] AndroidManifest.xml:42:5-44:36
33        android:name="android.hardware.wifi"
33-->[com.journeyapps:zxing-android-embedded:4.1.0] AndroidManifest.xml:43:9-45
34        android:required="false" />
34-->[com.journeyapps:zxing-android-embedded:4.1.0] AndroidManifest.xml:44:9-33
35
36    <uses-permission android:name="android.permission.POST_NOTIFICATIONS" />
36-->[com.google.firebase:firebase-messaging:23.1.2] AndroidManifest.xml:25:5-77
36-->[com.google.firebase:firebase-messaging:23.1.2] AndroidManifest.xml:25:22-74
37    <uses-permission android:name="android.permission.WAKE_LOCK" /> <!-- Required by older versions of Google Play services to create IID tokens -->
37-->[com.google.firebase:firebase-messaging:23.1.2] AndroidManifest.xml:26:5-68
37-->[com.google.firebase:firebase-messaging:23.1.2] AndroidManifest.xml:26:22-65
38    <uses-permission android:name="com.google.android.c2dm.permission.RECEIVE" />
38-->[com.google.firebase:firebase-messaging:23.1.2] AndroidManifest.xml:28:5-82
38-->[com.google.firebase:firebase-messaging:23.1.2] AndroidManifest.xml:28:22-79
39    <uses-permission android:name="com.google.android.gms.permission.AD_ID" />
39-->[com.google.android.gms:play-services-measurement-api:21.2.1] AndroidManifest.xml:25:5-79
39-->[com.google.android.gms:play-services-measurement-api:21.2.1] AndroidManifest.xml:25:22-76
40    <uses-permission android:name="com.google.android.finsky.permission.BIND_GET_INSTALL_REFERRER_SERVICE" />
40-->[com.google.android.gms:play-services-measurement:21.2.1] AndroidManifest.xml:26:5-110
40-->[com.google.android.gms:play-services-measurement:21.2.1] AndroidManifest.xml:26:22-107
41
42    <permission
42-->[androidx.core:core:1.9.0] AndroidManifest.xml:22:5-24:47
43        android:name="com.a804.tickle_tackle_tockle.DYNAMIC_RECEIVER_NOT_EXPORTED_PERMISSION"
43-->[androidx.core:core:1.9.0] AndroidManifest.xml:23:9-81
44        android:protectionLevel="signature" />
44-->[androidx.core:core:1.9.0] AndroidManifest.xml:24:9-44
45
46    <uses-permission android:name="com.a804.tickle_tackle_tockle.DYNAMIC_RECEIVER_NOT_EXPORTED_PERMISSION" />
46-->[androidx.core:core:1.9.0] AndroidManifest.xml:26:5-97
46-->[androidx.core:core:1.9.0] AndroidManifest.xml:26:22-94
47
48    <application
48-->src\main\AndroidManifest.xml:6:5-53:19
49        android:allowBackup="true"
49-->src\main\AndroidManifest.xml:7:9-35
50        android:appComponentFactory="androidx.core.app.CoreComponentFactory"
50-->[androidx.core:core:1.9.0] AndroidManifest.xml:28:18-86
51        android:debuggable="true"
52        android:extractNativeLibs="false"
53        android:icon="@mipmap/ic_launcher"
53-->src\main\AndroidManifest.xml:8:9-43
54        android:label="@string/app_name"
54-->src\main\AndroidManifest.xml:9:9-41
55        android:supportsRtl="true"
55-->src\main\AndroidManifest.xml:10:9-35
56        android:testOnly="true"
57        android:theme="@android:style/Theme.DeviceDefault" >
57-->src\main\AndroidManifest.xml:11:9-59
58        <service
58-->src\main\AndroidManifest.xml:13:9-19:19
59            android:name="com.a804.tickle_tackle_tockle.complication.FirebaseMessagingService"
59-->src\main\AndroidManifest.xml:14:13-66
60            android:exported="false" >
60-->src\main\AndroidManifest.xml:15:13-37
61            <intent-filter>
61-->src\main\AndroidManifest.xml:16:13-18:29
62                <action android:name="com.google.firebase.MESSAGING_EVENT" />
62-->src\main\AndroidManifest.xml:17:17-78
62-->src\main\AndroidManifest.xml:17:25-75
63            </intent-filter>
64        </service>
65
66        <uses-library
66-->src\main\AndroidManifest.xml:21:9-23:39
67            android:name="com.google.android.wearable"
67-->src\main\AndroidManifest.xml:22:13-55
68            android:required="true" />
68-->src\main\AndroidManifest.xml:23:13-36
69
70        <!--
71               Set to true if your app is Standalone, that is, it does not require the handheld
72               app to run.
73        -->
74        <meta-data
74-->src\main\AndroidManifest.xml:29:9-31:36
75            android:name="com.google.android.wearable.standalone"
75-->src\main\AndroidManifest.xml:30:13-66
76            android:value="true" />
76-->src\main\AndroidManifest.xml:31:13-33
77
78        <activity
78-->src\main\AndroidManifest.xml:33:9-42:20
79            android:name="com.a804.tickle_tackle_tockle.FirstActivity"
79-->src\main\AndroidManifest.xml:34:13-71
80            android:exported="true"
80-->src\main\AndroidManifest.xml:35:13-36
81            android:label="@string/app_name"
81-->src\main\AndroidManifest.xml:36:13-45
82            android:theme="@android:style/Theme.NoDisplay" >
82-->src\main\AndroidManifest.xml:37:13-59
83            <intent-filter>
83-->src\main\AndroidManifest.xml:38:13-41:29
84                <action android:name="android.intent.action.MAIN" />
84-->src\main\AndroidManifest.xml:39:17-69
84-->src\main\AndroidManifest.xml:39:25-66
85
86                <category android:name="android.intent.category.LAUNCHER" />
86-->src\main\AndroidManifest.xml:40:17-77
86-->src\main\AndroidManifest.xml:40:27-74
87            </intent-filter>
88        </activity>
89        <activity
89-->src\main\AndroidManifest.xml:44:9-47:20
90            android:name="com.a804.tickle_tackle_tockle.QRActivity"
90-->src\main\AndroidManifest.xml:45:13-68
91            android:exported="true" >
91-->src\main\AndroidManifest.xml:46:13-36
92        </activity>
93        <activity
93-->src\main\AndroidManifest.xml:48:9-52:20
94            android:name="com.a804.tickle_tackle_tockle.MainActivity"
94-->src\main\AndroidManifest.xml:49:13-70
95            android:exported="true"
95-->src\main\AndroidManifest.xml:50:13-36
96            android:theme="@style/Theme.AppCompat" >
96-->src\main\AndroidManifest.xml:51:13-51
97        </activity>
98        <activity
98-->[androidx.compose.ui:ui-tooling:1.2.0] AndroidManifest.xml:24:9-26:39
99            android:name="androidx.compose.ui.tooling.PreviewActivity"
99-->[androidx.compose.ui:ui-tooling:1.2.0] AndroidManifest.xml:25:13-71
100            android:exported="true" />
100-->[androidx.compose.ui:ui-tooling:1.2.0] AndroidManifest.xml:26:13-36
101        <activity
101-->[com.google.firebase:firebase-auth:21.2.0] AndroidManifest.xml:29:9-46:20
102            android:name="com.google.firebase.auth.internal.GenericIdpActivity"
102-->[com.google.firebase:firebase-auth:21.2.0] AndroidManifest.xml:30:13-80
103            android:excludeFromRecents="true"
103-->[com.google.firebase:firebase-auth:21.2.0] AndroidManifest.xml:31:13-46
104            android:exported="true"
104-->[com.google.firebase:firebase-auth:21.2.0] AndroidManifest.xml:32:13-36
105            android:launchMode="singleTask"
105-->[com.google.firebase:firebase-auth:21.2.0] AndroidManifest.xml:33:13-44
106            android:theme="@android:style/Theme.Translucent.NoTitleBar" >
106-->[com.google.firebase:firebase-auth:21.2.0] AndroidManifest.xml:34:13-72
107            <intent-filter>
107-->[com.google.firebase:firebase-auth:21.2.0] AndroidManifest.xml:35:13-45:29
108                <action android:name="android.intent.action.VIEW" />
108-->[com.google.firebase:firebase-auth:21.2.0] AndroidManifest.xml:36:17-69
108-->[com.google.firebase:firebase-auth:21.2.0] AndroidManifest.xml:36:25-66
109
110                <category android:name="android.intent.category.DEFAULT" />
110-->[com.google.firebase:firebase-auth:21.2.0] AndroidManifest.xml:38:17-76
110-->[com.google.firebase:firebase-auth:21.2.0] AndroidManifest.xml:38:27-73
111                <category android:name="android.intent.category.BROWSABLE" />
111-->[com.google.firebase:firebase-auth:21.2.0] AndroidManifest.xml:39:17-78
111-->[com.google.firebase:firebase-auth:21.2.0] AndroidManifest.xml:39:27-75
112
113                <data
113-->[com.google.firebase:firebase-auth:21.2.0] AndroidManifest.xml:41:17-44:51
114                    android:host="firebase.auth"
114-->[com.google.firebase:firebase-auth:21.2.0] AndroidManifest.xml:42:21-49
115                    android:path="/"
115-->[com.google.firebase:firebase-auth:21.2.0] AndroidManifest.xml:43:21-37
116                    android:scheme="genericidp" />
116-->[com.google.firebase:firebase-auth:21.2.0] AndroidManifest.xml:44:21-48
117            </intent-filter>
118        </activity>
119        <activity
119-->[com.google.firebase:firebase-auth:21.2.0] AndroidManifest.xml:47:9-64:20
120            android:name="com.google.firebase.auth.internal.RecaptchaActivity"
120-->[com.google.firebase:firebase-auth:21.2.0] AndroidManifest.xml:48:13-79
121            android:excludeFromRecents="true"
121-->[com.google.firebase:firebase-auth:21.2.0] AndroidManifest.xml:49:13-46
122            android:exported="true"
122-->[com.google.firebase:firebase-auth:21.2.0] AndroidManifest.xml:50:13-36
123            android:launchMode="singleTask"
123-->[com.google.firebase:firebase-auth:21.2.0] AndroidManifest.xml:51:13-44
124            android:theme="@android:style/Theme.Translucent.NoTitleBar" >
124-->[com.google.firebase:firebase-auth:21.2.0] AndroidManifest.xml:52:13-72
125            <intent-filter>
125-->[com.google.firebase:firebase-auth:21.2.0] AndroidManifest.xml:53:13-63:29
126                <action android:name="android.intent.action.VIEW" />
126-->[com.google.firebase:firebase-auth:21.2.0] AndroidManifest.xml:36:17-69
126-->[com.google.firebase:firebase-auth:21.2.0] AndroidManifest.xml:36:25-66
127
128                <category android:name="android.intent.category.DEFAULT" />
128-->[com.google.firebase:firebase-auth:21.2.0] AndroidManifest.xml:38:17-76
128-->[com.google.firebase:firebase-auth:21.2.0] AndroidManifest.xml:38:27-73
129                <category android:name="android.intent.category.BROWSABLE" />
129-->[com.google.firebase:firebase-auth:21.2.0] AndroidManifest.xml:39:17-78
129-->[com.google.firebase:firebase-auth:21.2.0] AndroidManifest.xml:39:27-75
130
131                <data
131-->[com.google.firebase:firebase-auth:21.2.0] AndroidManifest.xml:41:17-44:51
132                    android:host="firebase.auth"
132-->[com.google.firebase:firebase-auth:21.2.0] AndroidManifest.xml:42:21-49
133                    android:path="/"
133-->[com.google.firebase:firebase-auth:21.2.0] AndroidManifest.xml:43:21-37
134                    android:scheme="recaptcha" />
134-->[com.google.firebase:firebase-auth:21.2.0] AndroidManifest.xml:44:21-48
135            </intent-filter>
136        </activity>
137
138        <service
138-->[com.google.firebase:firebase-auth:21.2.0] AndroidManifest.xml:66:9-72:19
139            android:name="com.google.firebase.components.ComponentDiscoveryService"
139-->[com.google.firebase:firebase-auth:21.2.0] AndroidManifest.xml:67:13-84
140            android:directBootAware="true"
140-->[com.google.firebase:firebase-common:20.3.1] AndroidManifest.xml:34:13-43
141            android:exported="false" >
141-->[com.google.firebase:firebase-auth:21.2.0] AndroidManifest.xml:68:13-37
142            <meta-data
142-->[com.google.firebase:firebase-auth:21.2.0] AndroidManifest.xml:69:13-71:85
143                android:name="com.google.firebase.components:com.google.firebase.auth.FirebaseAuthRegistrar"
143-->[com.google.firebase:firebase-auth:21.2.0] AndroidManifest.xml:70:17-109
144                android:value="com.google.firebase.components.ComponentRegistrar" />
144-->[com.google.firebase:firebase-auth:21.2.0] AndroidManifest.xml:71:17-82
145            <meta-data
145-->[com.google.firebase:firebase-database:20.1.0] AndroidManifest.xml:31:13-33:85
146                android:name="com.google.firebase.components:com.google.firebase.database.DatabaseRegistrar"
146-->[com.google.firebase:firebase-database:20.1.0] AndroidManifest.xml:32:17-109
147                android:value="com.google.firebase.components.ComponentRegistrar" />
147-->[com.google.firebase:firebase-database:20.1.0] AndroidManifest.xml:33:17-82
148            <meta-data
148-->[com.google.firebase:firebase-firestore-ktx:24.4.5] AndroidManifest.xml:14:13-16:85
149                android:name="com.google.firebase.components:com.google.firebase.firestore.ktx.FirebaseFirestoreKtxRegistrar"
149-->[com.google.firebase:firebase-firestore-ktx:24.4.5] AndroidManifest.xml:15:17-126
150                android:value="com.google.firebase.components.ComponentRegistrar" />
150-->[com.google.firebase:firebase-firestore-ktx:24.4.5] AndroidManifest.xml:16:17-82
151            <meta-data
151-->[com.google.firebase:firebase-firestore:24.4.5] AndroidManifest.xml:19:13-21:85
152                android:name="com.google.firebase.components:com.google.firebase.firestore.FirestoreRegistrar"
152-->[com.google.firebase:firebase-firestore:24.4.5] AndroidManifest.xml:20:17-111
153                android:value="com.google.firebase.components.ComponentRegistrar" />
153-->[com.google.firebase:firebase-firestore:24.4.5] AndroidManifest.xml:21:17-82
154            <meta-data
154-->[com.google.firebase:firebase-messaging-ktx:23.1.2] AndroidManifest.xml:28:13-30:85
155                android:name="com.google.firebase.components:com.google.firebase.messaging.ktx.FirebaseMessagingKtxRegistrar"
155-->[com.google.firebase:firebase-messaging-ktx:23.1.2] AndroidManifest.xml:29:17-126
156                android:value="com.google.firebase.components.ComponentRegistrar" />
156-->[com.google.firebase:firebase-messaging-ktx:23.1.2] AndroidManifest.xml:30:17-82
157            <meta-data
157-->[com.google.firebase:firebase-messaging:23.1.2] AndroidManifest.xml:55:13-57:85
158                android:name="com.google.firebase.components:com.google.firebase.messaging.FirebaseMessagingRegistrar"
158-->[com.google.firebase:firebase-messaging:23.1.2] AndroidManifest.xml:56:17-119
159                android:value="com.google.firebase.components.ComponentRegistrar" />
159-->[com.google.firebase:firebase-messaging:23.1.2] AndroidManifest.xml:57:17-82
160            <meta-data
160-->[com.google.firebase:firebase-common-ktx:20.3.1] AndroidManifest.xml:14:13-16:85
161                android:name="com.google.firebase.components:com.google.firebase.ktx.FirebaseCommonKtxRegistrar"
161-->[com.google.firebase:firebase-common-ktx:20.3.1] AndroidManifest.xml:15:17-113
162                android:value="com.google.firebase.components.ComponentRegistrar" />
162-->[com.google.firebase:firebase-common-ktx:20.3.1] AndroidManifest.xml:16:17-82
163            <meta-data
163-->[com.google.android.gms:play-services-measurement-api:21.2.1] AndroidManifest.xml:31:13-33:85
164                android:name="com.google.firebase.components:com.google.firebase.analytics.connector.internal.AnalyticsConnectorRegistrar"
164-->[com.google.android.gms:play-services-measurement-api:21.2.1] AndroidManifest.xml:32:17-139
165                android:value="com.google.firebase.components.ComponentRegistrar" />
165-->[com.google.android.gms:play-services-measurement-api:21.2.1] AndroidManifest.xml:33:17-82
166            <meta-data
166-->[com.google.firebase:firebase-installations:17.1.3] AndroidManifest.xml:17:13-19:85
167                android:name="com.google.firebase.components:com.google.firebase.installations.FirebaseInstallationsRegistrar"
167-->[com.google.firebase:firebase-installations:17.1.3] AndroidManifest.xml:18:17-127
168                android:value="com.google.firebase.components.ComponentRegistrar" />
168-->[com.google.firebase:firebase-installations:17.1.3] AndroidManifest.xml:19:17-82
169            <meta-data
169-->[com.google.firebase:firebase-datatransport:18.1.7] AndroidManifest.xml:27:13-29:85
170                android:name="com.google.firebase.components:com.google.firebase.datatransport.TransportRegistrar"
170-->[com.google.firebase:firebase-datatransport:18.1.7] AndroidManifest.xml:28:17-115
171                android:value="com.google.firebase.components.ComponentRegistrar" />
171-->[com.google.firebase:firebase-datatransport:18.1.7] AndroidManifest.xml:29:17-82
172        </service>
173
174        <activity
174-->[androidx.compose.ui:ui-test-manifest:1.2.0] AndroidManifest.xml:24:9-26:39
175            android:name="androidx.activity.ComponentActivity"
175-->[androidx.compose.ui:ui-test-manifest:1.2.0] AndroidManifest.xml:25:13-63
176            android:exported="true" />
176-->[androidx.compose.ui:ui-test-manifest:1.2.0] AndroidManifest.xml:26:13-36
177        <activity
177-->[com.journeyapps:zxing-android-embedded:4.1.0] AndroidManifest.xml:47:9-53:63
178            android:name="com.journeyapps.barcodescanner.CaptureActivity"
178-->[com.journeyapps:zxing-android-embedded:4.1.0] AndroidManifest.xml:48:13-74
179            android:clearTaskOnLaunch="true"
179-->[com.journeyapps:zxing-android-embedded:4.1.0] AndroidManifest.xml:49:13-45
180            android:screenOrientation="sensorLandscape"
180-->[com.journeyapps:zxing-android-embedded:4.1.0] AndroidManifest.xml:50:13-56
181            android:stateNotNeeded="true"
181-->[com.journeyapps:zxing-android-embedded:4.1.0] AndroidManifest.xml:51:13-42
182            android:theme="@style/zxing_CaptureTheme"
182-->[com.journeyapps:zxing-android-embedded:4.1.0] AndroidManifest.xml:52:13-54
183            android:windowSoftInputMode="stateAlwaysHidden" />
183-->[com.journeyapps:zxing-android-embedded:4.1.0] AndroidManifest.xml:53:13-60
184        <activity
184-->[com.google.android.gms:play-services-auth:20.4.1] AndroidManifest.xml:23:9-27:75
185            android:name="com.google.android.gms.auth.api.signin.internal.SignInHubActivity"
185-->[com.google.android.gms:play-services-auth:20.4.1] AndroidManifest.xml:24:13-93
186            android:excludeFromRecents="true"
186-->[com.google.android.gms:play-services-auth:20.4.1] AndroidManifest.xml:25:13-46
187            android:exported="false"
187-->[com.google.android.gms:play-services-auth:20.4.1] AndroidManifest.xml:26:13-37
188            android:theme="@android:style/Theme.Translucent.NoTitleBar" />
188-->[com.google.android.gms:play-services-auth:20.4.1] AndroidManifest.xml:27:13-72
189        <!--
190            Service handling Google Sign-In user revocation. For apps that do not integrate with
191            Google Sign-In, this service will never be started.
192        -->
193        <service
193-->[com.google.android.gms:play-services-auth:20.4.1] AndroidManifest.xml:33:9-37:51
194            android:name="com.google.android.gms.auth.api.signin.RevocationBoundService"
194-->[com.google.android.gms:play-services-auth:20.4.1] AndroidManifest.xml:34:13-89
195            android:exported="true"
195-->[com.google.android.gms:play-services-auth:20.4.1] AndroidManifest.xml:35:13-36
196            android:permission="com.google.android.gms.auth.api.signin.permission.REVOCATION_NOTIFICATION"
196-->[com.google.android.gms:play-services-auth:20.4.1] AndroidManifest.xml:36:13-107
197            android:visibleToInstantApps="true" />
197-->[com.google.android.gms:play-services-auth:20.4.1] AndroidManifest.xml:37:13-48
198
199        <receiver
199-->[com.google.firebase:firebase-messaging:23.1.2] AndroidManifest.xml:31:9-38:20
200            android:name="com.google.firebase.iid.FirebaseInstanceIdReceiver"
200-->[com.google.firebase:firebase-messaging:23.1.2] AndroidManifest.xml:32:13-78
201            android:exported="true"
201-->[com.google.firebase:firebase-messaging:23.1.2] AndroidManifest.xml:33:13-36
202            android:permission="com.google.android.c2dm.permission.SEND" >
202-->[com.google.firebase:firebase-messaging:23.1.2] AndroidManifest.xml:34:13-73
203            <intent-filter>
203-->[com.google.firebase:firebase-messaging:23.1.2] AndroidManifest.xml:35:13-37:29
204                <action android:name="com.google.android.c2dm.intent.RECEIVE" />
204-->[com.google.firebase:firebase-messaging:23.1.2] AndroidManifest.xml:36:17-81
204-->[com.google.firebase:firebase-messaging:23.1.2] AndroidManifest.xml:36:25-78
205            </intent-filter>
206        </receiver>
207        <!--
208             FirebaseMessagingService performs security checks at runtime,
209             but set to not exported to explicitly avoid allowing another app to call it.
210        -->
211        <service
211-->[com.google.firebase:firebase-messaging:23.1.2] AndroidManifest.xml:44:9-51:19
212            android:name="com.google.firebase.messaging.FirebaseMessagingService"
212-->[com.google.firebase:firebase-messaging:23.1.2] AndroidManifest.xml:45:13-82
213            android:directBootAware="true"
213-->[com.google.firebase:firebase-messaging:23.1.2] AndroidManifest.xml:46:13-43
214            android:exported="false" >
214-->[com.google.firebase:firebase-messaging:23.1.2] AndroidManifest.xml:47:13-37
215            <intent-filter android:priority="-500" >
215-->src\main\AndroidManifest.xml:16:13-18:29
216                <action android:name="com.google.firebase.MESSAGING_EVENT" />
216-->src\main\AndroidManifest.xml:17:17-78
216-->src\main\AndroidManifest.xml:17:25-75
217            </intent-filter>
218        </service>
219
220        <activity
220-->[com.google.android.gms:play-services-base:18.0.1] AndroidManifest.xml:20:9-22:45
221            android:name="com.google.android.gms.common.api.GoogleApiActivity"
221-->[com.google.android.gms:play-services-base:18.0.1] AndroidManifest.xml:20:19-85
222            android:exported="false"
222-->[com.google.android.gms:play-services-base:18.0.1] AndroidManifest.xml:22:19-43
223            android:theme="@android:style/Theme.Translucent.NoTitleBar" />
223-->[com.google.android.gms:play-services-base:18.0.1] AndroidManifest.xml:21:19-78
224
225        <provider
225-->[com.google.firebase:firebase-common:20.3.1] AndroidManifest.xml:25:9-30:39
226            android:name="com.google.firebase.provider.FirebaseInitProvider"
226-->[com.google.firebase:firebase-common:20.3.1] AndroidManifest.xml:26:13-77
227            android:authorities="com.a804.tickle_tackle_tockle.firebaseinitprovider"
227-->[com.google.firebase:firebase-common:20.3.1] AndroidManifest.xml:27:13-72
228            android:directBootAware="true"
228-->[com.google.firebase:firebase-common:20.3.1] AndroidManifest.xml:28:13-43
229            android:exported="false"
229-->[com.google.firebase:firebase-common:20.3.1] AndroidManifest.xml:29:13-37
230            android:initOrder="100" />
230-->[com.google.firebase:firebase-common:20.3.1] AndroidManifest.xml:30:13-36
231
232        <receiver
232-->[com.google.android.gms:play-services-measurement:21.2.1] AndroidManifest.xml:29:9-33:20
233            android:name="com.google.android.gms.measurement.AppMeasurementReceiver"
233-->[com.google.android.gms:play-services-measurement:21.2.1] AndroidManifest.xml:30:13-85
234            android:enabled="true"
234-->[com.google.android.gms:play-services-measurement:21.2.1] AndroidManifest.xml:31:13-35
235            android:exported="false" >
235-->[com.google.android.gms:play-services-measurement:21.2.1] AndroidManifest.xml:32:13-37
236        </receiver>
237
238        <service
238-->[com.google.android.gms:play-services-measurement:21.2.1] AndroidManifest.xml:35:9-38:40
239            android:name="com.google.android.gms.measurement.AppMeasurementService"
239-->[com.google.android.gms:play-services-measurement:21.2.1] AndroidManifest.xml:36:13-84
240            android:enabled="true"
240-->[com.google.android.gms:play-services-measurement:21.2.1] AndroidManifest.xml:37:13-35
241            android:exported="false" />
241-->[com.google.android.gms:play-services-measurement:21.2.1] AndroidManifest.xml:38:13-37
242        <service
242-->[com.google.android.gms:play-services-measurement:21.2.1] AndroidManifest.xml:39:9-43:72
243            android:name="com.google.android.gms.measurement.AppMeasurementJobService"
243-->[com.google.android.gms:play-services-measurement:21.2.1] AndroidManifest.xml:40:13-87
244            android:enabled="true"
244-->[com.google.android.gms:play-services-measurement:21.2.1] AndroidManifest.xml:41:13-35
245            android:exported="false"
245-->[com.google.android.gms:play-services-measurement:21.2.1] AndroidManifest.xml:42:13-37
246            android:permission="android.permission.BIND_JOB_SERVICE" />
246-->[com.google.android.gms:play-services-measurement:21.2.1] AndroidManifest.xml:43:13-69
247
248        <meta-data
248-->[com.google.android.gms:play-services-basement:18.1.0] AndroidManifest.xml:21:9-23:69
249            android:name="com.google.android.gms.version"
249-->[com.google.android.gms:play-services-basement:18.1.0] AndroidManifest.xml:22:13-58
250            android:value="@integer/google_play_services_version" />
250-->[com.google.android.gms:play-services-basement:18.1.0] AndroidManifest.xml:23:13-66
251
252        <provider
252-->[androidx.emoji2:emoji2:1.2.0] AndroidManifest.xml:24:9-32:20
253            android:name="androidx.startup.InitializationProvider"
253-->[androidx.emoji2:emoji2:1.2.0] AndroidManifest.xml:25:13-67
254            android:authorities="com.a804.tickle_tackle_tockle.androidx-startup"
254-->[androidx.emoji2:emoji2:1.2.0] AndroidManifest.xml:26:13-68
255            android:exported="false" >
255-->[androidx.emoji2:emoji2:1.2.0] AndroidManifest.xml:27:13-37
256            <meta-data
256-->[androidx.emoji2:emoji2:1.2.0] AndroidManifest.xml:29:13-31:52
257                android:name="androidx.emoji2.text.EmojiCompatInitializer"
257-->[androidx.emoji2:emoji2:1.2.0] AndroidManifest.xml:30:17-75
258                android:value="androidx.startup" />
258-->[androidx.emoji2:emoji2:1.2.0] AndroidManifest.xml:31:17-49
259            <meta-data
259-->[androidx.profileinstaller:profileinstaller:1.2.0] AndroidManifest.xml:30:13-32:52
260                android:name="androidx.profileinstaller.ProfileInstallerInitializer"
260-->[androidx.profileinstaller:profileinstaller:1.2.0] AndroidManifest.xml:31:17-85
261                android:value="androidx.startup" />
261-->[androidx.profileinstaller:profileinstaller:1.2.0] AndroidManifest.xml:32:17-49
262            <meta-data
262-->[androidx.lifecycle:lifecycle-process:2.4.1] AndroidManifest.xml:31:13-33:52
263                android:name="androidx.lifecycle.ProcessLifecycleInitializer"
263-->[androidx.lifecycle:lifecycle-process:2.4.1] AndroidManifest.xml:32:17-78
264                android:value="androidx.startup" />
264-->[androidx.lifecycle:lifecycle-process:2.4.1] AndroidManifest.xml:33:17-49
265        </provider>
266
267        <receiver
267-->[androidx.profileinstaller:profileinstaller:1.2.0] AndroidManifest.xml:35:9-47:20
268            android:name="androidx.profileinstaller.ProfileInstallReceiver"
268-->[androidx.profileinstaller:profileinstaller:1.2.0] AndroidManifest.xml:36:13-76